This file contains any messages produced by compilers while
running configure, to aid debugging if configure makes a mistake.

It was created by izhikevichmodule configure 1.0, which was
generated by GNU Autoconf 2.61.  Invocation command line was

  $ ./configure --with-nest=/vol/bitbucket/dc1108/local/bin/nest-config

## --------- ##
## Platform. ##
## --------- ##

hostname = arc04
uname -m = i686
uname -r = 2.6.24-19-generic
uname -s = Linux
uname -v = #1 SMP Fri Jul 11 23:41:49 UTC 2008

/usr/bin/uname -p = unknown
/bin/uname -X     = unknown

/bin/arch              = i686
/usr/bin/arch -k       = unknown
/usr/convex/getsysinfo = unknown
/usr/bin/hostinfo      = unknown
/bin/machine           = unknown
/usr/bin/oslevel       = unknown
/bin/universe          = unknown

PATH: /vol/bitbucket/dc1108/local/bin
PATH: /vol/lab/mac/cadence/smv/bin
PATH: /vol/lab/mac/bin
PATH: /vol/lab/mac/bin/i386
PATH: /vol/lab/bin
PATH: /vol/lab/bin/Linux/i386
PATH: /usr/local/bin
PATH: /bin
PATH: /usr/bin
PATH: /usr/local/sbin
PATH: /usr/sbin
PATH: /sbin
PATH: /usr/games
PATH: /vol/lab/qp8.6/bin
PATH: /vol/lab/satsolvers/bin


## ----------- ##
## Core tests. ##
## ----------- ##

configure:2024: checking for a BSD-compatible install
configure:2080: result: /usr/bin/install -c
configure:2091: checking whether build environment is sane
configure:2134: result: yes
configure:2199: checking for gawk
configure:2215: found /usr/bin/gawk
configure:2226: result: gawk
configure:2237: checking whether make sets $(MAKE)
configure:2258: result: yes
configure:2450: checking build system type
configure:2468: result: i686-pc-linux-gnu
configure:2490: checking host system type
configure:2505: result: i686-pc-linux-gnu
configure:2560: checking for nest-config 
configure:2563: checking for /vol/bitbucket/dc1108/local/bin/nest-config
configure:2579: result: yes
configure:2589: result: found
configure:2594: checking for NEST directory information 
configure:2600: result: -I/homes/dc1108/code/nest-1.9.8236/{include,librandom,libnestutil,sli,nestkernel,nest} -I/homes/dc1108/code/nest-1.9.8236/include  
configure:2634: checking for style of include used by make
configure:2662: result: GNU
configure:2735: checking for gcc
configure:2751: found /usr/bin/gcc
configure:2762: result: gcc
configure:3000: checking for C compiler version
configure:3007: gcc --version >&5
gcc (GCC) 4.2.3 (Ubuntu 4.2.3-2ubuntu7)
Copyright (C) 2007 Free Software Foundation, Inc.
This is free software; see the source for copying conditions.  There is NO
warranty; not even for MERCHANTABILITY or FITNESS FOR A PARTICULAR PURPOSE.

configure:3010: $? = 0
configure:3017: gcc -v >&5
Using built-in specs.
Target: i486-linux-gnu
Configured with: ../src/configure -v --enable-languages=c,c++,fortran,objc,obj-c++,treelang --prefix=/usr --enable-shared --with-system-zlib --libexecdir=/usr/lib --without-included-gettext --enable-threads=posix --enable-nls --with-gxx-include-dir=/usr/include/c++/4.2 --program-suffix=-4.2 --enable-clocale=gnu --enable-libstdcxx-debug --enable-objc-gc --enable-mpfr --enable-targets=all --enable-checking=release --build=i486-linux-gnu --host=i486-linux-gnu --target=i486-linux-gnu
Thread model: posix
gcc version 4.2.3 (Ubuntu 4.2.3-2ubuntu7)
configure:3020: $? = 0
configure:3027: gcc -V >&5
gcc: '-V' option must have argument
configure:3030: $? = 1
configure:3053: checking for C compiler default output file name
configure:3080: gcc    conftest.c  >&5
configure:3083: $? = 0
configure:3121: result: a.out
configure:3138: checking whether the C compiler works
configure:3148: ./a.out
configure:3151: $? = 0
configure:3168: result: yes
configure:3175: checking whether we are cross compiling
configure:3177: result: no
configure:3180: checking for suffix of executables
configure:3187: gcc -o conftest    conftest.c  >&5
configure:3190: $? = 0
configure:3214: result: 
configure:3220: checking for suffix of object files
configure:3246: gcc -c   conftest.c >&5
configure:3249: $? = 0
configure:3272: result: o
configure:3276: checking whether we are using the GNU C compiler
configure:3305: gcc -c   conftest.c >&5
configure:3311: $? = 0
configure:3328: result: yes
configure:3333: checking whether gcc accepts -g
configure:3363: gcc -c -g  conftest.c >&5
configure:3369: $? = 0
configure:3468: result: yes
configure:3485: checking for gcc option to accept ISO C89
configure:3559: gcc  -c -g -O2  conftest.c >&5
configure:3565: $? = 0
configure:3588: result: none needed
configure:3608: checking dependency style of gcc
configure:3698: result: gcc3
configure:3721: checking how to run the C preprocessor
configure:3761: gcc -E  conftest.c
configure:3767: $? = 0
configure:3798: gcc -E  conftest.c
conftest.c:10:28: error: ac_nonexistent.h: No such file or directory
configure:3804: $? = 1
configure: failed program was:
| /* confdefs.h.  */
| #define PACKAGE_NAME "izhikevichmodule"
| #define PACKAGE_TARNAME "izhikevichmodule"
| #define PACKAGE_VERSION "1.0"
| #define PACKAGE_STRING "izhikevichmodule 1.0"
| #define PACKAGE_BUGREPORT "mwild@doc.ic.ac.uk"
| #define PACKAGE "izhikevichmodule"
| #define VERSION "1.0"
| /* end confdefs.h.  */
| #include <ac_nonexistent.h>
configure:3837: result: gcc -E
configure:3866: gcc -E  conftest.c
configure:3872: $? = 0
configure:3903: gcc -E  conftest.c
conftest.c:10:28: error: ac_nonexistent.h: No such file or directory
configure:3909: $? = 1
configure: failed program was:
| /* confdefs.h.  */
| #define PACKAGE_NAME "izhikevichmodule"
| #define PACKAGE_TARNAME "izhikevichmodule"
| #define PACKAGE_VERSION "1.0"
| #define PACKAGE_STRING "izhikevichmodule 1.0"
| #define PACKAGE_BUGREPORT "mwild@doc.ic.ac.uk"
| #define PACKAGE "izhikevichmodule"
| #define VERSION "1.0"
| /* end confdefs.h.  */
| #include <ac_nonexistent.h>
configure:3947: checking for grep that handles long lines and -e
configure:4021: result: /bin/grep
configure:4026: checking for egrep
configure:4104: result: /bin/grep -E
configure:4110: checking for AIX
configure:4132: result: no
configure:4199: checking for g++
configure:4215: found /usr/bin/g++
configure:4226: result: g++
configure:4257: checking for C++ compiler version
configure:4264: g++ --version >&5
g++ (GCC) 4.2.3 (Ubuntu 4.2.3-2ubuntu7)
Copyright (C) 2007 Free Software Foundation, Inc.
This is free software; see the source for copying conditions.  There is NO
warranty; not even for MERCHANTABILITY or FITNESS FOR A PARTICULAR PURPOSE.

configure:4267: $? = 0
configure:4274: g++ -v >&5
Using built-in specs.
Target: i486-linux-gnu
Configured with: ../src/configure -v --enable-languages=c,c++,fortran,objc,obj-c++,treelang --prefix=/usr --enable-shared --with-system-zlib --libexecdir=/usr/lib --without-included-gettext --enable-threads=posix --enable-nls --with-gxx-include-dir=/usr/include/c++/4.2 --program-suffix=-4.2 --enable-clocale=gnu --enable-libstdcxx-debug --enable-objc-gc --enable-mpfr --enable-targets=all --enable-checking=release --build=i486-linux-gnu --host=i486-linux-gnu --target=i486-linux-gnu
Thread model: posix
gcc version 4.2.3 (Ubuntu 4.2.3-2ubuntu7)
configure:4277: $? = 0
configure:4284: g++ -V >&5
g++: '-V' option must have argument
configure:4287: $? = 1
configure:4290: checking whether we are using the GNU C++ compiler
configure:4319: g++ -c   conftest.cpp >&5
configure:4325: $? = 0
configure:4342: result: yes
configure:4347: checking whether g++ accepts -g
configure:4377: g++ -c -g  conftest.cpp >&5
configure:4383: $? = 0
configure:4482: result: yes
configure:4507: checking dependency style of g++
configure:4597: result: gcc3
configure:4622: checking for a sed that does not truncate output
configure:4678: result: /bin/sed
configure:4692: checking for ld used by gcc
configure:4759: result: /usr/bin/ld
configure:4768: checking if the linker (/usr/bin/ld) is GNU ld
configure:4783: result: yes
configure:4801: checking for a BSD-compatible install
configure:4857: result: /usr/bin/install -c
configure:4953: checking for /usr/bin/ld option to reload object files
configure:4960: result: -r
configure:4978: checking for BSD-compatible nm
configure:5027: result: /usr/bin/nm -B
configure:5031: checking whether ln -s works
configure:5035: result: yes
configure:5042: checking how to recognize dependent libraries
configure:5228: result: pass_all
configure:5467: checking for ANSI C header files
configure:5497: gcc -c -g -O2  conftest.c >&5
configure:5503: $? = 0
configure:5602: gcc -o conftest -g -O2   conftest.c  >&5
configure:5605: $? = 0
configure:5611: ./conftest
configure:5614: $? = 0
configure:5631: result: yes
configure:5655: checking for sys/types.h
configure:5676: gcc -c -g -O2  conftest.c >&5
configure:5682: $? = 0
configure:5698: result: yes
configure:5655: checking for sys/stat.h
configure:5676: gcc -c -g -O2  conftest.c >&5
configure:5682: $? = 0
configure:5698: result: yes
configure:5655: checking for stdlib.h
configure:5676: gcc -c -g -O2  conftest.c >&5
configure:5682: $? = 0
configure:5698: result: yes
configure:5655: checking for string.h
configure:5676: gcc -c -g -O2  conftest.c >&5
configure:5682: $? = 0
configure:5698: result: yes
configure:5655: checking for memory.h
configure:5676: gcc -c -g -O2  conftest.c >&5
configure:5682: $? = 0
configure:5698: result: yes
configure:5655: checking for strings.h
configure:5676: gcc -c -g -O2  conftest.c >&5
configure:5682: $? = 0
configure:5698: result: yes
configure:5655: checking for inttypes.h
configure:5676: gcc -c -g -O2  conftest.c >&5
configure:5682: $? = 0
configure:5698: result: yes
configure:5655: checking for stdint.h
configure:5676: gcc -c -g -O2  conftest.c >&5
configure:5682: $? = 0
configure:5698: result: yes
configure:5655: checking for unistd.h
configure:5676: gcc -c -g -O2  conftest.c >&5
configure:5682: $? = 0
configure:5698: result: yes
configure:5725: checking dlfcn.h usability
configure:5742: gcc -c -g -O2  conftest.c >&5
configure:5748: $? = 0
configure:5762: result: yes
configure:5766: checking dlfcn.h presence
configure:5781: gcc -E  conftest.c
configure:5787: $? = 0
configure:5801: result: yes
configure:5834: checking for dlfcn.h
configure:5842: result: yes
configure:5865: checking how to run the C++ preprocessor
configure:5901: g++ -E  conftest.cpp
configure:5907: $? = 0
configure:5938: g++ -E  conftest.cpp
conftest.cpp:21:28: error: ac_nonexistent.h: No such file or directory
configure:5944: $? = 1
configure: failed program was:
| /* confdefs.h.  */
| #define PACKAGE_NAME "izhikevichmodule"
| #define PACKAGE_TARNAME "izhikevichmodule"
| #define PACKAGE_VERSION "1.0"
| #define PACKAGE_STRING "izhikevichmodule 1.0"
| #define PACKAGE_BUGREPORT "mwild@doc.ic.ac.uk"
| #define PACKAGE "izhikevichmodule"
| #define VERSION "1.0"
| #define STDC_HEADERS 1
| #define HAVE_SYS_TYPES_H 1
| #define HAVE_SYS_STAT_H 1
| #define HAVE_STDLIB_H 1
| #define HAVE_STRING_H 1
| #define HAVE_MEMORY_H 1
| #define HAVE_STRINGS_H 1
| #define HAVE_INTTYPES_H 1
| #define HAVE_STDINT_H 1
| #define HAVE_UNISTD_H 1
| #define HAVE_DLFCN_H 1
| /* end confdefs.h.  */
| #include <ac_nonexistent.h>
configure:5977: result: g++ -E
configure:6006: g++ -E  conftest.cpp
configure:6012: $? = 0
configure:6043: g++ -E  conftest.cpp
conftest.cpp:21:28: error: ac_nonexistent.h: No such file or directory
configure:6049: $? = 1
configure: failed program was:
| /* confdefs.h.  */
| #define PACKAGE_NAME "izhikevichmodule"
| #define PACKAGE_TARNAME "izhikevichmodule"
| #define PACKAGE_VERSION "1.0"
| #define PACKAGE_STRING "izhikevichmodule 1.0"
| #define PACKAGE_BUGREPORT "mwild@doc.ic.ac.uk"
| #define PACKAGE "izhikevichmodule"
| #define VERSION "1.0"
| #define STDC_HEADERS 1
| #define HAVE_SYS_TYPES_H 1
| #define HAVE_SYS_STAT_H 1
| #define HAVE_STDLIB_H 1
| #define HAVE_STRING_H 1
| #define HAVE_MEMORY_H 1
| #define HAVE_STRINGS_H 1
| #define HAVE_INTTYPES_H 1
| #define HAVE_STDINT_H 1
| #define HAVE_UNISTD_H 1
| #define HAVE_DLFCN_H 1
| /* end confdefs.h.  */
| #include <ac_nonexistent.h>
configure:6142: checking for g77
configure:6158: found /usr/bin/g77
configure:6169: result: g77
configure:6199: checking for Fortran 77 compiler version
configure:6206: g77 --version >&5
GNU Fortran (GCC) 3.4.6 (Ubuntu 3.4.6-6ubuntu5)
Copyright (C) 2006 Free Software Foundation, Inc.

GNU Fortran comes with NO WARRANTY, to the extent permitted by law.
You may redistribute copies of GNU Fortran
under the terms of the GNU General Public License.
For more information about these matters, see the file named COPYING
or type the command `info -f g77 Copying'.
configure:6209: $? = 0
configure:6216: g77 -v >&5
Reading specs from /usr/lib/gcc/i486-linux-gnu/3.4.6/specs
Configured with: ../src/configure -v --enable-languages=c,c++,f77,pascal --prefix=/usr --libexecdir=/usr/lib --with-gxx-include-dir=/usr/include/c++/3.4 --enable-shared --with-system-zlib --enable-nls --without-included-gettext --program-suffix=-3.4 --enable-__cxa_atexit --enable-clocale=gnu --enable-libstdcxx-debug --with-tune=pentium4 i486-linux-gnu
Thread model: posix
gcc version 3.4.6 (Ubuntu 3.4.6-6ubuntu5)
configure:6219: $? = 0
configure:6226: g77 -V >&5
g77: `-V' option must have argument
configure:6229: $? = 1
configure:6237: checking whether we are using the GNU Fortran 77 compiler
configure:6256: g77 -c  conftest.F >&5
configure:6262: $? = 0
configure:6279: result: yes
configure:6285: checking whether g77 accepts -g
configure:6302: g77 -c -g conftest.f >&5
configure:6308: $? = 0
configure:6324: result: yes
configure:6353: checking the maximum length of command line arguments
configure:6465: result: 98304
configure:6477: checking command to parse /usr/bin/nm -B output from gcc object
configure:6582: gcc -c -g -O2  conftest.c >&5
configure:6585: $? = 0
configure:6589: /usr/bin/nm -B conftest.o \| sed -n -e 's/^.*[ 	]\([ABCDGIRSTW][ABCDGIRSTW]*\)[ 	][ 	]*\([_A-Za-z][_A-Za-z0-9]*\)$/\1 \2 \2/p' \> conftest.nm
configure:6592: $? = 0
configure:6644: gcc -o conftest -g -O2   conftest.c conftstm.o >&5
configure:6647: $? = 0
configure:6685: result: ok
configure:6689: checking for objdir
configure:6704: result: .libs
configure:6796: checking for ar
configure:6812: found /usr/bin/ar
configure:6823: result: ar
configure:6892: checking for ranlib
configure:6908: found /usr/bin/ranlib
configure:6919: result: ranlib
configure:6988: checking for strip
configure:7004: found /usr/bin/strip
configure:7015: result: strip
configure:7613: checking if gcc supports -fno-rtti -fno-exceptions
configure:7631: gcc -c -g -O2  -fno-rtti -fno-exceptions conftest.c >&5
cc1: warning: command line option "-fno-rtti" is valid for C++/ObjC++ but not for C
configure:7635: $? = 0
configure:7648: result: no
configure:7663: checking for gcc option to produce PIC
configure:7895: result: -fPIC
configure:7903: checking if gcc PIC flag -fPIC works
configure:7921: gcc -c -g -O2  -fPIC -DPIC conftest.c >&5
configure:7925: $? = 0
configure:7938: result: yes
configure:7966: checking if gcc static flag -static works
configure:7994: result: yes
configure:8004: checking if gcc supports -c -o file.o
configure:8025: gcc -c -g -O2  -o out/conftest2.o conftest.c >&5
configure:8029: $? = 0
configure:8051: result: yes
configure:8077: checking whether the gcc linker (/usr/bin/ld) supports shared libraries
configure:9058: result: yes
configure:9079: checking whether -lc should be explicitly linked in
configure:9084: gcc -c -g -O2  conftest.c >&5
configure:9087: $? = 0
configure:9102: gcc -shared conftest.o  -v -Wl,-soname -Wl,conftest -o conftest 2\>\&1 \| grep  -lc  \>/dev/null 2\>\&1
configure:9105: $? = 0
configure:9117: result: no
configure:9125: checking dynamic linker characteristics
configure:9739: result: GNU/Linux ld.so
configure:9763: checking how to hardcode library paths into programs
configure:9788: result: immediate
configure:9802: checking whether stripping libraries is possible
configure:9807: result: yes
configure:10609: checking if libtool supports shared libraries
configure:10611: result: yes
configure:10614: checking whether to build shared libraries
configure:10635: result: yes
configure:10638: checking whether to build static libraries
configure:10642: result: yes
configure:10736: creating libtool
configure:11329: checking for ld used by g++
configure:11396: result: /usr/bin/ld
configure:11405: checking if the linker (/usr/bin/ld) is GNU ld
configure:11420: result: yes
configure:11471: checking whether the g++ linker (/usr/bin/ld) supports shared libraries
configure:12417: result: yes
configure:12434: g++ -c   conftest.cpp >&5
configure:12437: $? = 0
configure:12593: checking for g++ option to produce PIC
configure:12877: result: -fPIC
configure:12885: checking if g++ PIC flag -fPIC works
configure:12903: g++ -c   -fPIC -DPIC conftest.cpp >&5
configure:12907: $? = 0
configure:12920: result: yes
configure:12948: checking if g++ static flag -static works
configure:12976: result: yes
configure:12986: checking if g++ supports -c -o file.o
configure:13007: g++ -c   -o out/conftest2.o conftest.cpp >&5
configure:13011: $? = 0
configure:13033: result: yes
configure:13059: checking whether the g++ linker (/usr/bin/ld) supports shared libraries
configure:13088: result: yes
configure:13155: checking dynamic linker characteristics
configure:13717: result: GNU/Linux ld.so
configure:13741: checking how to hardcode library paths into programs
configure:13766: result: immediate
configure:14305: checking if libtool supports shared libraries
configure:14307: result: yes
configure:14310: checking whether to build shared libraries
configure:14330: result: yes
configure:14333: checking whether to build static libraries
configure:14337: result: yes
configure:14347: checking for g77 option to produce PIC
configure:14579: result: -fPIC
configure:14587: checking if g77 PIC flag -fPIC works
configure:14605: g77 -c -g -O2 -fPIC conftest.f >&5
configure:14609: $? = 0
configure:14622: result: yes
configure:14650: checking if g77 static flag -static works
configure:14678: result: yes
configure:14688: checking if g77 supports -c -o file.o
configure:14709: g77 -c -g -O2 -o out/conftest2.o conftest.f >&5
configure:14713: $? = 0
configure:14735: result: yes
configure:14761: checking whether the g77 linker (/usr/bin/ld) supports shared libraries
configure:15722: result: yes
configure:15789: checking dynamic linker characteristics
configure:16351: result: GNU/Linux ld.so
configure:16375: checking how to hardcode library paths into programs
configure:16400: result: immediate
configure:20030: checking how to run the C++ preprocessor
configure:20142: result: g++ -E
configure:20171: g++ -E  conftest.cpp
configure:20177: $? = 0
configure:20208: g++ -E  conftest.cpp
conftest.cpp:21:28: error: ac_nonexistent.h: No such file or directory
configure:20214: $? = 1
configure: failed program was:
| /* confdefs.h.  */
| #define PACKAGE_NAME "izhikevichmodule"
| #define PACKAGE_TARNAME "izhikevichmodule"
| #define PACKAGE_VERSION "1.0"
| #define PACKAGE_STRING "izhikevichmodule 1.0"
| #define PACKAGE_BUGREPORT "mwild@doc.ic.ac.uk"
| #define PACKAGE "izhikevichmodule"
| #define VERSION "1.0"
| #define STDC_HEADERS 1
| #define HAVE_SYS_TYPES_H 1
| #define HAVE_SYS_STAT_H 1
| #define HAVE_STDLIB_H 1
| #define HAVE_STRING_H 1
| #define HAVE_MEMORY_H 1
| #define HAVE_STRINGS_H 1
| #define HAVE_INTTYPES_H 1
| #define HAVE_STDINT_H 1
| #define HAVE_UNISTD_H 1
| #define HAVE_DLFCN_H 1
| /* end confdefs.h.  */
| #include <ac_nonexistent.h>
configure:20256: checking for gmake
configure:20289: result: no
configure:20256: checking for make
configure:20274: found /usr/bin/make
configure:20286: result: /usr/bin/make
configure:20470: creating ./config.status

## ---------------------- ##
## Running config.status. ##
## ---------------------- ##

This file was extended by izhikevichmodule config.status 1.0, which was
generated by GNU Autoconf 2.61.  Invocation command line was

  CONFIG_FILES    = 
  CONFIG_HEADERS  = 
  CONFIG_LINKS    = 
  CONFIG_COMMANDS = 
  $ ./config.status 

on arc04

config.status:685: creating Makefile
config.status:685: creating izhikevichmodule_config.h
config.status:952: executing depfiles commands

## ---------------- ##
## Cache variables. ##
## ---------------- ##

ac_cv_build=i686-pc-linux-gnu
ac_cv_c_compiler_gnu=yes
ac_cv_cxx_compiler_gnu=yes
ac_cv_env_CCC_set=
ac_cv_env_CCC_value=
ac_cv_env_CC_set=
ac_cv_env_CC_value=
ac_cv_env_CFLAGS_set=
ac_cv_env_CFLAGS_value=
ac_cv_env_CPPFLAGS_set=
ac_cv_env_CPPFLAGS_value=
ac_cv_env_CPP_set=
ac_cv_env_CPP_value=
ac_cv_env_CXXCPP_set=
ac_cv_env_CXXCPP_value=
ac_cv_env_CXXFLAGS_set=
ac_cv_env_CXXFLAGS_value=
ac_cv_env_CXX_set=
ac_cv_env_CXX_value=
ac_cv_env_F77_set=
ac_cv_env_F77_value=
ac_cv_env_FFLAGS_set=
ac_cv_env_FFLAGS_value=
ac_cv_env_LDFLAGS_set=
ac_cv_env_LDFLAGS_value=
ac_cv_env_LIBS_set=
ac_cv_env_LIBS_value=
ac_cv_env_build_alias_set=
ac_cv_env_build_alias_value=
ac_cv_env_host_alias_set=
ac_cv_env_host_alias_value=
ac_cv_env_target_alias_set=
ac_cv_env_target_alias_value=
ac_cv_f77_compiler_gnu=yes
ac_cv_file__vol_bitbucket_dc1108_local_bin_nest_config=yes
ac_cv_header_dlfcn_h=yes
ac_cv_header_inttypes_h=yes
ac_cv_header_memory_h=yes
ac_cv_header_stdc=yes
ac_cv_header_stdint_h=yes
ac_cv_header_stdlib_h=yes
ac_cv_header_string_h=yes
ac_cv_header_strings_h=yes
ac_cv_header_sys_stat_h=yes
ac_cv_header_sys_types_h=yes
ac_cv_header_unistd_h=yes
ac_cv_host=i686-pc-linux-gnu
ac_cv_objext=o
ac_cv_path_EGREP='/bin/grep -E'
ac_cv_path_GREP=/bin/grep
ac_cv_path_MAKE=/usr/bin/make
ac_cv_path_install='/usr/bin/install -c'
ac_cv_prog_AWK=gawk
ac_cv_prog_CPP='gcc -E'
ac_cv_prog_CXXCPP='g++ -E'
ac_cv_prog_ac_ct_AR=ar
ac_cv_prog_ac_ct_CC=gcc
ac_cv_prog_ac_ct_CXX=g++
ac_cv_prog_ac_ct_F77=g77
ac_cv_prog_ac_ct_RANLIB=ranlib
ac_cv_prog_ac_ct_STRIP=strip
ac_cv_prog_cc_c89=
ac_cv_prog_cc_g=yes
ac_cv_prog_cxx_g=yes
ac_cv_prog_f77_g=yes
ac_cv_prog_make_make_set=yes
am_cv_CC_dependencies_compiler_type=gcc3
am_cv_CXX_dependencies_compiler_type=gcc3
lt_cv_deplibs_check_method=pass_all
lt_cv_file_magic_cmd='$MAGIC_CMD'
lt_cv_file_magic_test_file=
lt_cv_ld_reload_flag=-r
lt_cv_objdir=.libs
lt_cv_path_LD=/usr/bin/ld
lt_cv_path_LDCXX=/usr/bin/ld
lt_cv_path_NM='/usr/bin/nm -B'
lt_cv_path_SED=/bin/sed
lt_cv_prog_compiler_c_o=yes
lt_cv_prog_compiler_c_o_CXX=yes
lt_cv_prog_compiler_c_o_F77=yes
lt_cv_prog_compiler_pic_works=yes
lt_cv_prog_compiler_pic_works_CXX=yes
lt_cv_prog_compiler_pic_works_F77=yes
lt_cv_prog_compiler_rtti_exceptions=no
lt_cv_prog_compiler_static_works=yes
lt_cv_prog_compiler_static_works_CXX=yes
lt_cv_prog_compiler_static_works_F77=yes
lt_cv_prog_gnu_ld=yes
lt_cv_prog_gnu_ldcxx=yes
lt_cv_sys_global_symbol_pipe='sed -n -e '\''s/^.*[ 	]\([ABCDGIRSTW][ABCDGIRSTW]*\)[ 	][ 	]*\([_A-Za-z][_A-Za-z0-9]*\)$/\1 \2 \2/p'\'''
lt_cv_sys_global_symbol_to_c_name_address='sed -n -e '\''s/^: \([^ ]*\) $/  {\"\1\", (lt_ptr) 0},/p'\'' -e '\''s/^[BCDEGRST] \([^ ]*\) \([^ ]*\)$/  {"\2", (lt_ptr) \&\2},/p'\'''
lt_cv_sys_global_symbol_to_cdecl='sed -n -e '\''s/^. .* \(.*\)$/extern int \1;/p'\'''
lt_cv_sys_lib_dlsearch_path_spec='/lib /usr/lib /lib/i486-linux-gnu /usr/lib/i486-linux-gnu /usr/lib/R/lib /usr/local/lib /usr/lib/atlas/sse2 /usr/lib/sse2 '
lt_cv_sys_lib_search_path_spec='/usr/lib/gcc/i486-linux-gnu/4.2.3 /usr/lib /lib'
lt_cv_sys_max_cmd_len=98304
lt_lt_cv_prog_compiler_c_o='"yes"'
lt_lt_cv_prog_compiler_c_o_CXX='"yes"'
lt_lt_cv_prog_compiler_c_o_F77='"yes"'
lt_lt_cv_sys_global_symbol_pipe='"sed -n -e '\''s/^.*[ 	]\\([ABCDGIRSTW][ABCDGIRSTW]*\\)[ 	][ 	]*\\([_A-Za-z][_A-Za-z0-9]*\\)\$/\\1 \\2 \\2/p'\''"'
lt_lt_cv_sys_global_symbol_to_c_name_address='"sed -n -e '\''s/^: \\([^ ]*\\) \$/  {\\\"\\1\\\", (lt_ptr) 0},/p'\'' -e '\''s/^[BCDEGRST] \\([^ ]*\\) \\([^ ]*\\)\$/  {\"\\2\", (lt_ptr) \\&\\2},/p'\''"'
lt_lt_cv_sys_global_symbol_to_cdecl='"sed -n -e '\''s/^. .* \\(.*\\)\$/extern int \\1;/p'\''"'

## ----------------- ##
## Output variables. ##
## ----------------- ##

ACLOCAL='${SHELL} /homes/dc1108/code/inf/izhikevichmodule-1.0/missing --run aclocal-1.9'
AMDEPBACKSLASH='\'
AMDEP_FALSE='#'
AMDEP_TRUE=''
AMTAR='${SHELL} /homes/dc1108/code/inf/izhikevichmodule-1.0/missing --run tar'
AM_CFLAGS=''
AM_CXXFLAGS=''
AR='ar'
ARFLAGS=''
AS='as'
AUTOCONF='${SHELL} /homes/dc1108/code/inf/izhikevichmodule-1.0/missing --run autoconf'
AUTOHEADER='${SHELL} /homes/dc1108/code/inf/izhikevichmodule-1.0/missing --run autoheader'
AUTOMAKE='${SHELL} /homes/dc1108/code/inf/izhikevichmodule-1.0/missing --run automake-1.9'
AWK='gawk'
CC='gcc'
CCDEPMODE='depmode=gcc3'
CFLAGS='-g -O2'
CPP='gcc -E'
CPPFLAGS=''
CXX='g++'
CXXCPP='g++ -E'
CXXDEPMODE='depmode=gcc3'
CXXFLAGS=''
CXX_AR=''
CYGPATH_W='echo'
DEFS='-DHAVE_CONFIG_H'
DEPDIR='.deps'
DSYMUTIL=''
ECHO='echo'
ECHO_C=''
ECHO_N='-n'
ECHO_T=''
EGREP='/bin/grep -E'
EXEEXT=''
F77='g77'
FFLAGS='-g -O2'
GREP='/bin/grep'
HAVE_NEST='yes'
HELPDIRS='/homes/dc1108/code/inf/izhikevichmodule-1.0:/homes/dc1108/code/inf/izhikevichmodule-1.0/sli'
HOST='arc04'
INCLTDL='-I${top_srcdir}/libltdl'
INSTALL_DATA='${INSTALL} -m 644'
INSTALL_PROGRAM='${INSTALL}'
INSTALL_SCRIPT='${INSTALL}'
INSTALL_STRIP_PROGRAM='${SHELL} $(install_sh) -c -s'
KERNEL=''
LD='/usr/bin/ld'
LDFLAGS=''
LIBLTDL='${top_builddir}/libltdl/libltdlc.la'
LIBOBJS=''
LIBS=''
LIBTOOL='$(SHELL) $(top_builddir)/libtool'
LN_S='ln -s'
LTLIBOBJS=''
MAKE='/usr/bin/make'
MAKEINFO='${SHELL} /homes/dc1108/code/inf/izhikevichmodule-1.0/missing --run makeinfo'
MAKE_FLAGS=''
NEST_COMPILER='g++'
NEST_CONFIG='/vol/bitbucket/dc1108/local/bin/nest-config'
NEST_CPPFLAGS='-I/homes/dc1108/code/nest-1.9.8236/{include,librandom,libnestutil,sli,nestkernel,nest} -I/homes/dc1108/code/nest-1.9.8236/include  '
NEST_PREFIX='/vol/bitbucket/dc1108/local'
NMEDIT=''
OBJEXT='o'
PACKAGE='izhikevichmodule'
PACKAGE_BUGREPORT='mwild@doc.ic.ac.uk'
PACKAGE_NAME='izhikevichmodule'
PACKAGE_STRING='izhikevichmodule 1.0'
PACKAGE_TARNAME='izhikevichmodule'
PACKAGE_VERSION='1.0'
PATH_SEPARATOR=':'
PKGBUILDDIR='/homes/dc1108/code/inf/izhikevichmodule-1.0'
PKGDATADIR='${datarootdir}/izhikevichmodule'
PKGDOCDIR='${datarootdir}/doc/izhikevichmodule'
PKGSRCDIR='/homes/dc1108/code/inf/izhikevichmodule-1.0'
RANLIB='ranlib'
SED='/bin/sed'
SET_MAKE=''
SHELL='/bin/bash'
STRIP='strip'
VERSION='1.0'
ac_ct_CC='gcc'
ac_ct_CXX='g++'
ac_ct_F77='g77'
am__fastdepCC_FALSE='#'
am__fastdepCC_TRUE=''
am__fastdepCXX_FALSE='#'
am__fastdepCXX_TRUE=''
am__include='include'
am__leading_dot='.'
am__quote=''
am__tar='${AMTAR} chof - "$$tardir"'
am__untar='${AMTAR} xf -'
bindir='${exec_prefix}/bin'
build='i686-pc-linux-gnu'
build_alias=''
build_cpu='i686'
build_os='linux-gnu'
build_vendor='pc'
datadir='${datarootdir}'
datarootdir='${prefix}/share'
docdir='${datarootdir}/doc/${PACKAGE_TARNAME}'
dvidir='${docdir}'
exec_prefix='${prefix}'
host='i686-pc-linux-gnu'
host_alias=''
host_cpu='i686'
host_os='linux-gnu'
host_vendor='pc'
htmldir='${docdir}'
includedir='${prefix}/include'
infodir='${datarootdir}/info'
install_sh='/homes/dc1108/code/inf/izhikevichmodule-1.0/install-sh'
libdir='${exec_prefix}/lib'
libexecdir='${exec_prefix}/libexec'
localedir='${datarootdir}/locale'
localstatedir='${prefix}/var'
mandir='${datarootdir}/man'
mkdir_p='mkdir -p --'
oldincludedir='/usr/include'
pdfdir='${docdir}'
prefix='/vol/bitbucket/dc1108/local'
program_transform_name='s,x,x,'
psdir='${docdir}'
sbindir='${exec_prefix}/sbin'
sharedstatedir='${prefix}/com'
subdirs=' libltdl'
sysconfdir='${prefix}/etc'
target_alias=''

## ----------- ##
## confdefs.h. ##
## ----------- ##

#define PACKAGE_NAME "izhikevichmodule"
#define PACKAGE_TARNAME "izhikevichmodule"
#define PACKAGE_VERSION "1.0"
#define PACKAGE_STRING "izhikevichmodule 1.0"
#define PACKAGE_BUGREPORT "mwild@doc.ic.ac.uk"
#define PACKAGE "izhikevichmodule"
#define VERSION "1.0"
#define STDC_HEADERS 1
#define HAVE_SYS_TYPES_H 1
#define HAVE_SYS_STAT_H 1
#define HAVE_STDLIB_H 1
#define HAVE_STRING_H 1
#define HAVE_MEMORY_H 1
#define HAVE_STRINGS_H 1
#define HAVE_INTTYPES_H 1
#define HAVE_STDINT_H 1
#define HAVE_UNISTD_H 1
#define HAVE_DLFCN_H 1

configure: exit 0
